<?xml version="1.0" encoding="UTF-8"?>
<testng-results ignored="0" total="7" passed="6" failed="1" skipped="0">
  <reporter-output>
  </reporter-output>
  <suite started-at="2024-01-03T14:59:13 IST" name="Default suite" finished-at="2024-01-03T15:06:35 IST" duration-ms="442107">
    <groups>
    </groups>
    <test started-at="2024-01-03T14:59:13 IST" name="Default test" finished-at="2024-01-03T15:06:35 IST" duration-ms="442107">
      <class name="Getivity.Clients">
        <test-method is-config="true" signature="launchbrowser()[pri:0, instance:Getivity.Clients@6069db50]" started-at="2024-01-03T14:59:13 IST" name="launchbrowser" finished-at="2024-01-03T14:59:33 IST" duration-ms="20401" status="PASS">
          <reporter-output>
          </reporter-output>
        </test-method> <!-- launchbrowser -->
        <test-method signature="createclient()[pri:0, instance:Getivity.Clients@6069db50]" started-at="2024-01-03T14:59:33 IST" name="createclient" finished-at="2024-01-03T15:00:11 IST" duration-ms="38115" status="PASS">
          <reporter-output>
          </reporter-output>
        </test-method> <!-- createclient -->
        <test-method is-config="true" signature="launchbrowser()[pri:0, instance:Getivity.Clients@6069db50]" started-at="2024-01-03T15:00:11 IST" name="launchbrowser" finished-at="2024-01-03T15:00:27 IST" duration-ms="15401" status="PASS">
          <reporter-output>
          </reporter-output>
        </test-method> <!-- launchbrowser -->
        <test-method signature="createcontact()[pri:0, instance:Getivity.Clients@6069db50]" started-at="2024-01-03T15:00:27 IST" name="createcontact" finished-at="2024-01-03T15:01:19 IST" depends-on-methods="Getivity.Clients.createclient" duration-ms="52399" status="PASS">
          <reporter-output>
          </reporter-output>
        </test-method> <!-- createcontact -->
        <test-method is-config="true" signature="launchbrowser()[pri:0, instance:Getivity.Clients@6069db50]" started-at="2024-01-03T15:01:19 IST" name="launchbrowser" finished-at="2024-01-03T15:01:34 IST" duration-ms="14914" status="PASS">
          <reporter-output>
          </reporter-output>
        </test-method> <!-- launchbrowser -->
        <test-method signature="update_contact()[pri:0, instance:Getivity.Clients@6069db50]" started-at="2024-01-03T15:01:34 IST" name="update_contact" finished-at="2024-01-03T15:02:30 IST" depends-on-methods="Getivity.Clients.createcontact, Getivity.Clients.createclient" duration-ms="55630" status="PASS">
          <reporter-output>
          </reporter-output>
        </test-method> <!-- update_contact -->
        <test-method is-config="true" signature="launchbrowser()[pri:0, instance:Getivity.Clients@6069db50]" started-at="2024-01-03T15:02:30 IST" name="launchbrowser" finished-at="2024-01-03T15:02:44 IST" duration-ms="14278" status="PASS">
          <reporter-output>
          </reporter-output>
        </test-method> <!-- launchbrowser -->
        <test-method signature="archive_client()[pri:0, instance:Getivity.Clients@6069db50]" started-at="2024-01-03T15:02:44 IST" name="archive_client" finished-at="2024-01-03T15:03:34 IST" depends-on-methods="Getivity.Clients.update_contact, Getivity.Clients.createcontact, Getivity.Clients.createclient" duration-ms="49721" status="PASS">
          <reporter-output>
          </reporter-output>
        </test-method> <!-- archive_client -->
        <test-method is-config="true" signature="launchbrowser()[pri:0, instance:Getivity.Clients@6069db50]" started-at="2024-01-03T15:03:34 IST" name="launchbrowser" finished-at="2024-01-03T15:03:49 IST" duration-ms="15049" status="PASS">
          <reporter-output>
          </reporter-output>
        </test-method> <!-- launchbrowser -->
        <test-method signature="restore_archive_client()[pri:0, instance:Getivity.Clients@6069db50]" started-at="2024-01-03T15:03:49 IST" name="restore_archive_client" finished-at="2024-01-03T15:04:25 IST" depends-on-methods="Getivity.Clients.update_contact, Getivity.Clients.createcontact, Getivity.Clients.createclient, Getivity.Clients.archive_client" duration-ms="36658" status="PASS">
          <reporter-output>
          </reporter-output>
        </test-method> <!-- restore_archive_client -->
        <test-method is-config="true" signature="launchbrowser()[pri:0, instance:Getivity.Clients@6069db50]" started-at="2024-01-03T15:04:25 IST" name="launchbrowser" finished-at="2024-01-03T15:04:39 IST" duration-ms="13904" status="PASS">
          <reporter-output>
          </reporter-output>
        </test-method> <!-- launchbrowser -->
        <test-method signature="update_client()[pri:0, instance:Getivity.Clients@6069db50]" started-at="2024-01-03T15:04:39 IST" name="update_client" finished-at="2024-01-03T15:05:36 IST" depends-on-methods="Getivity.Clients.update_contact, Getivity.Clients.createcontact, Getivity.Clients.createclient, Getivity.Clients.restore_archive_client, Getivity.Clients.archive_client" duration-ms="56589" status="PASS">
          <reporter-output>
          </reporter-output>
        </test-method> <!-- update_client -->
        <test-method is-config="true" signature="launchbrowser()[pri:0, instance:Getivity.Clients@6069db50]" started-at="2024-01-03T15:05:36 IST" name="launchbrowser" finished-at="2024-01-03T15:05:52 IST" duration-ms="16117" status="PASS">
          <reporter-output>
          </reporter-output>
        </test-method> <!-- launchbrowser -->
        <test-method signature="delete_client()[pri:0, instance:Getivity.Clients@6069db50]" started-at="2024-01-03T15:05:52 IST" name="delete_client" finished-at="2024-01-03T15:06:35 IST" depends-on-methods="Getivity.Clients.update_contact, Getivity.Clients.createcontact, Getivity.Clients.createclient, Getivity.Clients.restore_archive_client, Getivity.Clients.archive_client, Getivity.Clients.update_client" duration-ms="42817" status="FAIL">
          <exception class="org.openqa.selenium.NoSuchElementException">
            <message>
              <![CDATA[Unable to locate element: //body/div/div/div/div/div/div/div/div/div/div/div/div/div[1]/div[1]
For documentation on this error, please visit: https://www.selenium.dev/documentation/webdriver/troubleshooting/errors#no-such-element-exception
Build info: version: '4.12.1', revision: '8e34639b11'
System info: os.name: 'Windows 10', os.arch: 'amd64', os.version: '10.0', java.version: '21'
Driver info: org.openqa.selenium.firefox.FirefoxDriver
Command: [edfc8772-c068-4eeb-9e60-ed5043551a1e, findElement {using=xpath, value=//body/div/div/div/div/div/div/div/div/div/div/div/div/div[1]/div[1]}]
Capabilities {acceptInsecureCerts: true, browserName: firefox, browserVersion: 121.0, moz:accessibilityChecks: false, moz:buildID: 20231211174248, moz:debuggerAddress: 127.0.0.1:16271, moz:geckodriverVersion: 0.33.0, moz:headless: false, moz:platformVersion: 10.0, moz:processID: 20980, moz:profile: C:\Users\ABS\AppData\Local\..., moz:shutdownTimeout: 60000, moz:webdriverClick: true, moz:windowless: false, pageLoadStrategy: normal, platformName: windows, proxy: Proxy(), se:cdp: ws://127.0.0.1:16271/devtoo..., se:cdpVersion: 85.0, setWindowRect: true, strictFileInteractability: false, timeouts: {implicit: 0, pageLoad: 300000, script: 30000}, unhandledPromptBehavior: dismiss and notify}
Session ID: edfc8772-c068-4eeb-9e60-ed5043551a1e]]>
            </message>
            <full-stacktrace>
              <![CDATA[org.openqa.selenium.NoSuchElementException: Unable to locate element: //body/div/div/div/div/div/div/div/div/div/div/div/div/div[1]/div[1]
For documentation on this error, please visit: https://www.selenium.dev/documentation/webdriver/troubleshooting/errors#no-such-element-exception
Build info: version: '4.12.1', revision: '8e34639b11'
System info: os.name: 'Windows 10', os.arch: 'amd64', os.version: '10.0', java.version: '21'
Driver info: org.openqa.selenium.firefox.FirefoxDriver
Command: [edfc8772-c068-4eeb-9e60-ed5043551a1e, findElement {using=xpath, value=//body/div/div/div/div/div/div/div/div/div/div/div/div/div[1]/div[1]}]
Capabilities {acceptInsecureCerts: true, browserName: firefox, browserVersion: 121.0, moz:accessibilityChecks: false, moz:buildID: 20231211174248, moz:debuggerAddress: 127.0.0.1:16271, moz:geckodriverVersion: 0.33.0, moz:headless: false, moz:platformVersion: 10.0, moz:processID: 20980, moz:profile: C:\Users\ABS\AppData\Local\..., moz:shutdownTimeout: 60000, moz:webdriverClick: true, moz:windowless: false, pageLoadStrategy: normal, platformName: windows, proxy: Proxy(), se:cdp: ws://127.0.0.1:16271/devtoo..., se:cdpVersion: 85.0, setWindowRect: true, strictFileInteractability: false, timeouts: {implicit: 0, pageLoad: 300000, script: 30000}, unhandledPromptBehavior: dismiss and notify}
Session ID: edfc8772-c068-4eeb-9e60-ed5043551a1e
at java.base/jdk.internal.reflect.DirectConstructorHandleAccessor.newInstance(DirectConstructorHandleAccessor.java:62)
at java.base/java.lang.reflect.Constructor.newInstanceWithCaller(Constructor.java:502)
at java.base/java.lang.reflect.Constructor.newInstance(Constructor.java:486)
at org.openqa.selenium.remote.codec.w3c.W3CHttpResponseCodec.createException(W3CHttpResponseCodec.java:200)
at org.openqa.selenium.remote.codec.w3c.W3CHttpResponseCodec.decode(W3CHttpResponseCodec.java:133)
at org.openqa.selenium.remote.codec.w3c.W3CHttpResponseCodec.decode(W3CHttpResponseCodec.java:52)
at org.openqa.selenium.remote.HttpCommandExecutor.execute(HttpCommandExecutor.java:191)
at org.openqa.selenium.remote.service.DriverCommandExecutor.invokeExecute(DriverCommandExecutor.java:196)
at org.openqa.selenium.remote.service.DriverCommandExecutor.execute(DriverCommandExecutor.java:171)
at org.openqa.selenium.remote.RemoteWebDriver.execute(RemoteWebDriver.java:602)
at org.openqa.selenium.remote.ElementLocation$ElementFinder$2.findElement(ElementLocation.java:165)
at org.openqa.selenium.remote.ElementLocation.findElement(ElementLocation.java:59)
at org.openqa.selenium.remote.RemoteWebDriver.findElement(RemoteWebDriver.java:359)
at org.openqa.selenium.remote.RemoteWebDriver.findElement(RemoteWebDriver.java:353)
at org.openqa.selenium.support.pagefactory.DefaultElementLocator.findElement(DefaultElementLocator.java:68)
at org.openqa.selenium.support.pagefactory.internal.LocatingElementHandler.invoke(LocatingElementHandler.java:38)
at jdk.proxy2/jdk.proxy2.$Proxy14.click(Unknown Source)
at Pageobjects.Clientpage.edit_delete_client(Clientpage.java:118)
at Getivity.Clients.delete_client(Clients.java:356)
at java.base/jdk.internal.reflect.DirectMethodHandleAccessor.invoke(DirectMethodHandleAccessor.java:103)
at java.base/java.lang.reflect.Method.invoke(Method.java:580)
at org.testng.internal.invokers.MethodInvocationHelper.invokeMethod(MethodInvocationHelper.java:139)
at org.testng.internal.invokers.TestInvoker.invokeMethod(TestInvoker.java:677)
at org.testng.internal.invokers.TestInvoker.invokeTestMethod(TestInvoker.java:221)
at org.testng.internal.invokers.MethodRunner.runInSequence(MethodRunner.java:50)
at org.testng.internal.invokers.TestInvoker$MethodInvocationAgent.invoke(TestInvoker.java:962)
at org.testng.internal.invokers.TestInvoker.invokeTestMethods(TestInvoker.java:194)
at org.testng.internal.invokers.TestMethodWorker.invokeTestMethods(TestMethodWorker.java:148)
at org.testng.internal.invokers.TestMethodWorker.run(TestMethodWorker.java:128)
at java.base/java.util.ArrayList.forEach(ArrayList.java:1596)
at org.testng.TestRunner.privateRun(TestRunner.java:806)
at org.testng.TestRunner.run(TestRunner.java:601)
at org.testng.SuiteRunner.runTest(SuiteRunner.java:433)
at org.testng.SuiteRunner.runSequentially(SuiteRunner.java:427)
at org.testng.SuiteRunner.privateRun(SuiteRunner.java:387)
at org.testng.SuiteRunner.run(SuiteRunner.java:330)
at org.testng.SuiteRunnerWorker.runSuite(SuiteRunnerWorker.java:52)
at org.testng.SuiteRunnerWorker.run(SuiteRunnerWorker.java:95)
at org.testng.TestNG.runSuitesSequentially(TestNG.java:1256)
at org.testng.TestNG.runSuitesLocally(TestNG.java:1176)
at org.testng.TestNG.runSuites(TestNG.java:1099)
at org.testng.TestNG.run(TestNG.java:1067)
at org.testng.remote.AbstractRemoteTestNG.run(AbstractRemoteTestNG.java:115)
at org.testng.remote.RemoteTestNG.initAndRun(RemoteTestNG.java:251)
at org.testng.remote.RemoteTestNG.main(RemoteTestNG.java:77)
]]>
            </full-stacktrace>
          </exception> <!-- org.openqa.selenium.NoSuchElementException -->
          <reporter-output>
          </reporter-output>
        </test-method> <!-- delete_client -->
      </class> <!-- Getivity.Clients -->
    </test> <!-- Default test -->
  </suite> <!-- Default suite -->
</testng-results>
